
http://www.fortwayne.com/mld/fortwayne/rss//mld/journalgazette/news/local/crime_courts/rss.xml
http://www.fortwayne.com/mld/fortwayne/rss//mld/journalgazette/sports/motorsports/rss.xml

http://www.fortwayne.com/mld/fortwayne/rss//mld/journalgazette/news/local/crime_courts/rss.xml

http://www.fortwayne.com/mld/fortwayne/rss//mld/journalgazette/news/local/crime_courts/rss.xml

http://www.fortwayne.com/mld/fortwayne/rss//mld/journalgazette/news/local/crime_courts/rss.xml

http://www.fortwayne.com/mld/fortwayne/rss//mld/journalgazette/news/local/crime_courts/rss.xml

http://www.fortwayne.com/mld/fortwayne/rss//mld/journalgazette/news/local/crime_courts/rss.xml

http://www.fortwayne.com/mld/fortwayne/rss//mld/journalgazette/news/local/crime_courts/rss.xml

http://www.fortwayne.com/mld/fortwayne/rss//mld/journalgazette/news/local/crime_courts/rss.xml
http://feeds2read.net/Rss-View/1689/Hotels-in-New-York

http://www.fortwayne.com/mld/fortwayne/rss//mld/journalgazette/news/local/crime_courts/rss.xml

http://www.fortwayne.com/mld/fortwayne/rss//mld/journalgazette/news/local/crime_courts/rss.xml

http://www.fortwayne.com/mld/fortwayne/rss//mld/journalgazette/news/local/crime_courts/rss.xml

http://www.fortwayne.com/mld/fortwayne/rss//mld/journalgazette/news/local/crime_courts/rss.xml
http://www.fortwayne.com/mld/fortwayne/rss//mld/journalgazette/sports/motorsports/rss.xml


http://www.fortwayne.com/mld/fortwayne/rss//mld/journalgazette/news/local/crime_courts/rss.xml
http://www.fortwayne.com/mld/fortwayne/rss//mld/journalgazette/sports/motorsports/rss.xml
http://www.weather.gov/alerts/sc.rss
http://www.dailybreeze.com/news/regstate/index.rss
http://www.realcities.com/mld/krwashington/rss//mld/krwashington/news/columnists/chris_adams/rss.xml
http://www.fortwayne.com/mld/fortwayne/rss//mld/journalgazette/entertainment/visual_arts/rss.xml
http://www.fortwayne.com/mld/fortwayne/rss//mld/newssentinel/living/rss.xml
http://feeds.feedburner.com/~r/Foxsports/rss/NBA/~3/114921884/6779268
http://feeds.orlandosentinel.com/sports/columnists/diaz2
http://blog.casecompetition.com/?page=what-is-an-rss-feed
http://www.fortwayne.com/mld/fortwayne/rss//mld/journalgazette/news/local/rss.xml
http://ad.doubleclick.net/clk;92238702;4639705;o?http://clk.atdmt.com/1Z0/go/thstrzec00100001021z0/direct/01/
http://www.lib.washington.edu/Rss/rss.xml
http://www.pcmag.com/products/0,,qn=HDTVs+LCD,00.asp
http://www.realcities.com/mld/krwashington/rss//mld/krwashington/news/columnists/william_douglas/rss.xml
http://downloads.thespringbox.com/install/download.php?id=gamespy
http://www.weather.gov/alerts/dc.rss
http://www.fortwayne.com/mld/fortwayne/rss//mld/journalgazette/news/nation/rss.xml
http://www.fortwayne.com/mld/fortwayne/rss//mld/journalgazette/sports/rss.xml
http://www.realcities.com/mld/krwashington/rss//mld/krwashington/news/columnists/alison_young/rss.xml
http://www.weather.gov/alerts/ne.rss
http://feeds2.weatherbug.com/rss.aspx?f=1&amp;zipCode=&amp;country=AS&amp;state=&amp;city=Sydney&amp;feed=fcst&amp;zCode=z4641&amp;units=0
http://www.fortwayne.com/mld/fortwayne/rss//mld/fortwayne/sports/columnists/ben_smith/rss.xml
http://ad.doubleclick.net/clk;41192068;5913751;j?http://www.digitalinfrastructure.ziffdavis.com/
http://www.feedburner.com/fb/products/feeddemon-install.exe
http://www.acas.org.uk/index.aspx?articleid=155
http://forums.bit-tech.net/external.php?type=rss2
http://www.realcities.com/mld/krwashington/rss//mld/krwashington/news/world/rss.xml
http://www.fortwayne.com/mld/fortwayne/rss//mld/fortwayne/living/columnists/rants_raves/rss.xml
http://www.fortwayne.com/mld/fortwayne/rss//mld/newssentinel/business/rss.xml
http://www.fortwayne.com/mld/fortwayne/rss//mld/journalgazette/entertainment/events/rss.xml
http://www.realcities.com/mld/krwashington/rss//mld/krwashington/news/columnists/nancy_youssef/rss.xml
http://www.fortwayne.com/mld/fortwayne/rss//mld/fortwayne/sports/columnists/on_course/rss.xml
http://www.fortwayne.com/mld/fortwayne/rss//mld/fortwayne/living/columnists/couples/rss.xml
http://www.lib.washington.edu/Rss//natsci/NEWBKS/rss.xml
http://www.fortwayne.com/mld/fortwayne/rss//mld/journalgazette/sports/other_sports/rss.xml
http://www.realcities.com/mld/krwashington/rss//mld/krwashington/news/columnists/warren_p_strobel/rss.xml
http://www.realcities.com/mld/krwashington/rss//mld/krwashington/news/columnists/tom_lasseter/rss.xml
http://www.fortwayne.com/mld/fortwayne/rss//mld/journalgazette/business/rss.xml
http://www.realcities.com/mld/krwashington/rss//mld/krwashington/news/columnists/hannah_allam/rss.xml
http://www.fortwayne.com/mld/fortwayne/rss//mld/fortwayne/sports/columnists/phil_bloom/rss.xml
http://downloads.thespringbox.com/install/download.php?id=ign
http://www.law.com//rss/rss_careercenter.xml
http://www.fortwayne.com/mld/fortwayne/rss//mld/journalgazette/entertainment/movies/rss.xml
http://www.fortwayne.com/mld/fortwayne/rss//mld/journalgazette/living/rss.xml
http://dailygadget.typepad.com/daily_gadget/index.rdf
http://www.niallkennedy.com/blog/archives/2005/12/google_reader_a.xml
http://www.breakawaycontent.com/blog/feed
http://www.realcities.com/mld/krwashington/rss//mld/krwashington/news/nation/rss.xml
http://www.fortwayne.com/mld/fortwayne/rss//mld/newssentinel/living/occasions/engagements/rss.xml
http://www.niallkennedy.com/blog/archives/2006/06/rss-days-in-was.xml
http://www.weather.gov/alerts/in.cap
http://news.google.com/news/url?sa=T&ct=us/0-0&fd=R&url=http://www.businessportal24.com/en/A_Cook_Guide_To_Balsamic_186644.html&cid=0&ei=tApARsugPKCQqwPB4fC2Aw
http://www.weatherzone.com.au/rss/rss2.php?code=9401&amp;obs=1
http://www.fortwayne.com/mld/fortwayne/rss//mld/fortwayne/living/columnists/the_dish/rss.xml
http://lisnews.org/trackback.pl?sid=05/12/07/2038229
http://www.realcities.com/mld/krwashington/rss//mld/krwashington/news/columnists/robert_s_boyd/rss.xml
http://www.weather.gov/alerts/ny.rss
http://www.slate.com/?id=3936&amp;post=1&amp;tp=slatefare&amp;nav=navof
http://www.fortwayne.com/mld/fortwayne/rss//mld/newssentinel/living/occasions/weddings/rss.xml
http://www.realcities.com/mld/krwashington/rss//mld/krwashington/news/columnists/tim_johnson/rss.xml
http://www.lib.washington.edu/Rss//about/events/eventsFeed.xml
http://timesonline.typepad.com/india_knight/rss.xml
http://blog.pennlive.com/patriotnews/urban_legend/atom.xml
http://www.gsmhelpdesk.nl/en/rss/rss.xml
http://ad.doubleclick.net/clk;92238437;4639705;t?http://clk.atdmt.com/1Z0/go/thstrzec00100001081z0/direct/01/
http://mondaymorning.typepad.com/monday_morning/atom.xml
http://www.moby.com/blog/2/feed
http://www.matotuonda.com.ar/index.xml
http://www.realcities.com/mld/krwashington/rss//mld/krwashington/news/columnists/shashank_bengali/rss.xml
http://blogs.abcnews.com/insideout/index.rdf
http://www.fortwayne.com/mld/fortwayne/rss//mld/journalgazette/business/industries/real_estate/rss.xml
http://economictimes.indiatimes.com/rssfeeds/1360458036.cms
http://www.fortwayne.com/mld/fortwayne/rss//mld/newssentinel/sports/high_school/rss.xml
http://www.fortwayne.com/mld/fortwayne/rss//mld/journalgazette/sports/baseball/minor_league/rss.xml
http://www.realcities.com/mld/krwashington/rss//mld/krwashington/news/columnists/jim_kuhnhenn/rss.xml
http://www.realcities.com/mld/krwashington/rss//mld/krwashington/news/columnists/steve_henderson/rss.xml
http://foros.universia.es/mvnforum/mvnforum/rss?forum=54
http://newsrss.bbc.co.uk/rss/newsonline_uk_edition/sci/tech/rss.xml
http://gearlog.com/blogs/Gearlog/rss.aspx
http://www.fortwayne.com/mld/fortwayne/rss//mld/journalgazette/news/editorial/rss.xml
http://www.fortwayne.com/mld/fortwayne/rss//mld/fortwayne/news/columnists/sylvia_a_smith/rss.xml
http://www.fortwayne.com/mld/fortwayne/rss//mld/newssentinel/living/community/rss.xml
http://www.24-7pressrelease.com/rss/financial_banking.xml
http://dailygadget.typepad.com/daily_gadget/atom.xml
http://www.lib.washington.edu/Rss//ougl/rss/spotlight.xml
http://www.govtech.net/rss/channels.php?channel=24
https://www.edelman.com/careers/want_to_join_us/career_opportunities/secure/rss.asp?office=all
http://www.realcities.com/mld/krwashington/rss//mld/krwashington/news/columnists/tony_pugh/rss.xml
http://www.realcities.com/mld/krwashington/rss//mld/krwashington/news/columnists/jonathan_s_landay/rss.xml
http://www.fortwayne.com/mld/fortwayne/rss//mld/journalgazette/news/rss.xml
http://www.fortwayne.com/mld/fortwayne/rss//mld/journalgazette/news/lottery/rss.xml
http://www.bestflights.com.au/ns/tools_resources/downloads/screensavers/files/bfss_rss.exe
http://economictimes.indiatimes.com/rssfeeds/38053308.cms
http://www.niallkennedy.com/blog/archives/2004/06/new_york_times.xml
http://www.fortwayne.com/mld/fortwayne/rss//mld/newssentinel/entertainment/rss.xml
http://othernews.eogn.com/index.rdf
http://www.lib.washington.edu/Rss//about/spotlight/spotlightFeed.xml
http://blog.brightcove.com/blog/index.rdf
http://www.weather.gov/alerts/wv.cap
http://www.weather.gov/alerts/ks.cap
http://interglacial.com/rss/harry_shearer.rss
http://www.pcmag.com/category2/0,1738,4795,00.asp
http://prdownloads.sourceforge.net/feedreader/FeedReader290Setup.exe?download
http://caferss.org/CafeRSS/
http://www.fortwayne.com/mld/fortwayne/rss//mld/journalgazette/news/local/crime_courts/felonies/rss.xml
http://www.fortwayne.com/mld/fortwayne/rss//mld/journalgazette/sports/high_school/rss.xml
http://www.weather.gov/alerts/as.cap
http://www.fortwayne.com/mld/fortwayne/rss//mld/journalgazette/news/nation/politics/rss.xml
http://www.weather.gov/alerts/mp.cap
http://www.cool-screensavers.com/download/onlinews.exe
http://www.fortwayne.com/mld/fortwayne/rss//mld/newssentinel/news/editorial/rss.xml
http://sports.iprwire.com/tennis-warrior/feed.rss/2007-4-23/new-instructional-tennis-tip-book-gives-tennis-players-a-simple-stepbystep-approach-to-develop-a-winning-mental-strategy
http://feeds.orlandosentinel.com/news/columnists/vest
http://www.realcities.com/mld/krwashington/rss//mld/krwashington/news/columnists/ron_hutcheson/rss.xml
http://www.fortwayne.com/mld/fortwayne/rss//mld/fortwayne/living/columnists/cooks_corner/rss.xml
http://hj.nmty.org/category/coffee/feed/
http://www.fortwayne.com/mld/fortwayne/rss//mld/journalgazette/sports/colleges/rss.xml
http://www.realcities.com/mld/krwashington/rss//mld/krwashington/news/columnists/matt_schofield/rss.xml
http://www.fortwayne.com/mld/fortwayne/rss//mld/fortwayne/news/columnists/frank_gray/rss.xml
http://www.managementfirst.com/knowledge_management/interviews/malhotra.php
http://blog.yanime.org/articles/trackback/668
http://www.realcities.com/mld/krwashington/rss//mld/krwashington/news/columnists/drew_brown/rss.xml
http://westseattleblog.com/blog?feed=rss2&amp;cat=15
http://www.fortwayne.com/mld/fortwayne/rss//mld/journalgazette/news/news_briefs/rss.xml
http://www.fortwayne.com/mld/fortwayne/rss//mld/fortwayne/business/columnists/test_drive/rss.xml
http://www.realcities.com/mld/krwashington/rss//mld/krwashington/news/columnists/dion_nissenbaum/rss.xml
http://www.matotuonda.com.ar/index.rdf
http://www.dailyhaha.com/rss.xml
http://www.realcities.com/mld/krwashington/rss//mld/krwashington/news/columnists/jack_chang/rss.xml
http://www.govtech.net/rss/topstories.php
http://www.fortwayne.com/mld/fortwayne/rss//mld/newssentinel/sports/rss.xml
http://www.bestflights.com.au/ns/tools_resources/downloads/screensavers/files/bfss.exe
http://www.fortwayne.com/mld/fortwayne/rss//mld/journalgazette/sports/outdoors/rss.xml
http://www.realcities.com/mld/krwashington/rss//mld/krwashington/news/columnists/frank_greve/rss.xml
http://squarezebra.typepad.com/rubis_bleu/rss.xml
http://www.realcities.com/mld/krwashington/rss//mld/krwashington/news/columnists/kevin_g_hall/rss.xml
http://www.999today.com/rss/
http://www.fortwayne.com/mld/fortwayne/rss//mld/journalgazette/news/local/police/rss.xml
http://www.businessweek.com/rss/smallbiz.rss
http://timesonline.typepad.com/inside_iraq_weblog/rss.xml
http://www.fortwayne.com/mld/fortwayne/rss//mld/newssentinel/news/local/rss.xml
http://www.fortwayne.com/mld/fortwayne/rss//mld/newssentinel/living/occasions/anniversaries/rss.xml
http://www.realcities.com/mld/krwashington/rss//mld/krwashington/news/columnists/seth_borenstein/rss.xml
http://www.niallkennedy.com/blog/archives/2005/04/new_york_times_7.xml
